[2021-07-25 01:49:50] local.ERROR: View [path] not found. {"exception":"[object] (InvalidArgumentException(code: 0): View [path] not found. at /Users/macbookpro/Documents/PROJECTS/freelance/SkripsiProject-bayu/vendor/laravel/framework/src/Illuminate/View/FileViewFinder.php:137)
[stacktrace]
#0 /Users/macbookpro/Documents/PROJECTS/freelance/SkripsiProject-bayu/vendor/laravel/framework/src/Illuminate/View/FileViewFinder.php(79): Illuminate\\View\\FileViewFinder->findInPaths('path', Array)
#1 /Users/macbookpro/Documents/PROJECTS/freelance/SkripsiProject-bayu/vendor/laravel/framework/src/Illuminate/View/Factory.php(138): Illuminate\\View\\FileViewFinder->find('path')
#2 /Users/macbookpro/Documents/PROJECTS/freelance/SkripsiProject-bayu/vendor/laravel/framework/src/Illuminate/Foundation/helpers.php(897): Illuminate\\View\\Factory->make('path', Array, Array)
#3 /Users/macbookpro/Documents/PROJECTS/freelance/SkripsiProject-bayu/app/Http/Controllers/WelcomeController.php(17): view('path')
#4 /Users/macbookpro/Documents/PROJECTS/freelance/SkripsiProject-bayu/vendor/laravel/framework/src/Illuminate/Routing/Controller.php(54): App\\Http\\Controllers\\WelcomeController->path()
#5 /Users/macbookpro/Documents/PROJECTS/freelance/SkripsiProject-bayu/vendor/laravel/framework/src/Illuminate/Routing/ControllerDispatcher.php(45): Illuminate\\Routing\\Controller->callAction('path', Array)
#6 /Users/macbookpro/Documents/PROJECTS/freelance/SkripsiProject-bayu/vendor/laravel/framework/src/Illuminate/Routing/Route.php(255): Illuminate\\Routing\\ControllerDispatcher->dispatch(Object(Illuminate\\Routing\\Route), Object(App\\Http\\Controllers\\WelcomeController), 'path')
#7 /Users/macbookpro/Documents/PROJECTS/freelance/SkripsiProject-bayu/vendor/laravel/framework/src/Illuminate/Routing/Route.php(197): Illuminate\\Routing\\Route->runController()
#8 /Users/macbookpro/Documents/PROJECTS/freelance/SkripsiProject-bayu/vendor/laravel/framework/src/Illuminate/Routing/Router.php(691): Illuminate\\Routing\\Route->run()
#9 /Users/macbookpro/Documents/PROJECTS/freelance/SkripsiProject-bayu/vendor/laravel/framework/src/Illuminate/Pipeline/Pipeline.php(128): Illuminate\\Routing\\Router->Illuminate\\Routing\\{closure}(Object(Illuminate\\Http\\Request))
#10 /Users/macbookpro/Documents/PROJECTS/freelance/SkripsiProject-bayu/vendor/laravel/framework/src/Illuminate/Routing/Middleware/SubstituteBindings.php(41): Illuminate\\Pipeline\\Pipeline->Illuminate\\Pipeline\\{closure}(Object(Illuminate\\Http\\Request))
#11 /Users/macbookpro/Documents/PROJECTS/freelance/SkripsiProject-bayu/vendor/laravel/framework/src/Illuminate/Pipeline/Pipeline.php(167): Illuminate\\Routing\\Middleware\\SubstituteBindings->handle(Object(Illuminate\\Http\\Request), Object(Closure))
#12 /Users/macbookpro/Documents/PROJECTS/freelance/SkripsiProject-bayu/vendor/laravel/framework/src/Illuminate/Foundation/Http/Middleware/VerifyCsrfToken.php(77): Illuminate\\Pipeline\\Pipeline->Illuminate\\Pipeline\\{closure}(Object(Illuminate\\Http\\Request))
#13 /Users/macbookpro/Documents/PROJECTS/freelance/SkripsiProject-bayu/vendor/laravel/framework/src/Illuminate/Pipeline/Pipeline.php(167): Illuminate\\Foundation\\Http\\Middleware\\VerifyCsrfToken->handle(Object(Illuminate\\Http\\Request), Object(Closure))
#14 /Users/macbookpro/Documents/PROJECTS/freelance/SkripsiProject-bayu/vendor/laravel/framework/src/Illuminate/View/Middleware/ShareErrorsFromSession.php(49): Illuminate\\Pipeline\\Pipeline->Illuminate\\Pipeline\\{closure}(Object(Illuminate\\Http\\Request))
#15 /Users/macbookpro/Documents/PROJECTS/freelance/SkripsiProject-bayu/vendor/laravel/framework/src/Illuminate/Pipeline/Pipeline.php(167): Illuminate\\View\\Middleware\\ShareErrorsFromSession->handle(Object(Illuminate\\Http\\Request), Object(Closure))
#16 /Users/macbookpro/Documents/PROJECTS/freelance/SkripsiProject-bayu/vendor/laravel/framework/src/Illuminate/Session/Middleware/StartSession.php(121): Illuminate\\Pipeline\\Pipeline->Illuminate\\Pipeline\\{closure}(Object(Illuminate\\Http\\Request))
#17 /Users/macbookpro/Documents/PROJECTS/freelance/SkripsiProject-bayu/vendor/laravel/framework/src/Illuminate/Session/Middleware/StartSession.php(63): Illuminate\\Session\\Middleware\\StartSession->handleStatefulRequest(Object(Illuminate\\Http\\Request), Object(Illuminate\\Session\\Store), Object(Closure))
#18 /Users/macbookpro/Documents/PROJECTS/freelance/SkripsiProject-bayu/vendor/laravel/framework/src/Illuminate/Pipeline/Pipeline.php(167): Illuminate\\Session\\Middleware\\StartSession->handle(Object(Illuminate\\Http\\Request), Object(Closure))
#19 /Users/macbookpro/Documents/PROJECTS/freelance/SkripsiProject-bayu/vendor/laravel/framework/src/Illuminate/Cookie/Middleware/AddQueuedCookiesToResponse.php(37): Illuminate\\Pipeline\\Pipeline->Illuminate\\Pipeline\\{closure}(Object(Illuminate\\Http\\Request))
#20 /Users/macbookpro/Documents/PROJECTS/freelance/SkripsiProject-bayu/vendor/laravel/framework/src/Illuminate/Pipeline/Pipeline.php(167): Illuminate\\Cookie\\Middleware\\AddQueuedCookiesToResponse->handle(Object(Illuminate\\Http\\Request), Object(Closure))
#21 /Users/macbookpro/Documents/PROJECTS/freelance/SkripsiProject-bayu/vendor/laravel/framework/src/Illuminate/Cookie/Middleware/EncryptCookies.php(67): Illuminate\\Pipeline\\Pipeline->Illuminate\\Pipeline\\{closure}(Object(Illuminate\\Http\\Request))
#22 /Users/macbookpro/Documents/PROJECTS/freelance/SkripsiProject-bayu/vendor/laravel/framework/src/Illuminate/Pipeline/Pipeline.php(167): Illuminate\\Cookie\\Middleware\\EncryptCookies->handle(Object(Illuminate\\Http\\Request), Object(Closure))
#23 /Users/macbookpro/Documents/PROJECTS/freelance/SkripsiProject-bayu/vendor/laravel/framework/src/Illuminate/Pipeline/Pipeline.php(103): Illuminate\\Pipeline\\Pipeline->Illuminate\\Pipeline\\{closure}(Object(Illuminate\\Http\\Request))
#24 /Users/macbookpro/Documents/PROJECTS/freelance/SkripsiProject-bayu/vendor/laravel/framework/src/Illuminate/Routing/Router.php(693): Illuminate\\Pipeline\\Pipeline->then(Object(Closure))
#25 /Users/macbookpro/Documents/PROJECTS/freelance/SkripsiProject-bayu/vendor/laravel/framework/src/Illuminate/Routing/Router.php(668): Illuminate\\Routing\\Router->runRouteWithinStack(Object(Illuminate\\Routing\\Route), Object(Illuminate\\Http\\Request))
#26 /Users/macbookpro/Documents/PROJECTS/freelance/SkripsiProject-bayu/vendor/laravel/framework/src/Illuminate/Routing/Router.php(634): Illuminate\\Routing\\Router->runRoute(Object(Illuminate\\Http\\Request), Object(Illuminate\\Routing\\Route))
#27 /Users/macbookpro/Documents/PROJECTS/freelance/SkripsiProject-bayu/vendor/laravel/framework/src/Illuminate/Routing/Router.php(623): Illuminate\\Routing\\Router->dispatchToRoute(Object(Illuminate\\Http\\Request))
#28 /Users/macbookpro/Documents/PROJECTS/freelance/SkripsiProject-bayu/vendor/laravel/framework/src/Illuminate/Foundation/Http/Kernel.php(166): Illuminate\\Routing\\Router->dispatch(Object(Illuminate\\Http\\Request))
#29 /Users/macbookpro/Documents/PROJECTS/freelance/SkripsiProject-bayu/vendor/laravel/framework/src/Illuminate/Pipeline/Pipeline.php(128): Illuminate\\Foundation\\Http\\Kernel->Illuminate\\Foundation\\Http\\{closure}(Object(Illuminate\\Http\\Request))
#30 /Users/macbookpro/Documents/PROJECTS/freelance/SkripsiProject-bayu/vendor/laravel/framework/src/Illuminate/Foundation/Http/Middleware/TransformsRequest.php(21): Illuminate\\Pipeline\\Pipeline->Illuminate\\Pipeline\\{closure}(Object(Illuminate\\Http\\Request))
#31 /Users/macbookpro/Documents/PROJECTS/freelance/SkripsiProject-bayu/vendor/laravel/framework/src/Illuminate/Pipeline/Pipeline.php(167): Illuminate\\Foundation\\Http\\Middleware\\TransformsRequest->handle(Object(Illuminate\\Http\\Request), Object(Closure))
#32 /Users/macbookpro/Documents/PROJECTS/freelance/SkripsiProject-bayu/vendor/laravel/framework/src/Illuminate/Foundation/Http/Middleware/TransformsRequest.php(21): Illuminate\\Pipeline\\Pipeline->Illuminate\\Pipeline\\{closure}(Object(Illuminate\\Http\\Request))
#33 /Users/macbookpro/Documents/PROJECTS/freelance/SkripsiProject-bayu/vendor/laravel/framework/src/Illuminate/Pipeline/Pipeline.php(167): Illuminate\\Foundation\\Http\\Middleware\\TransformsRequest->handle(Object(Illuminate\\Http\\Request), Object(Closure))
#34 /Users/macbookpro/Documents/PROJECTS/freelance/SkripsiProject-bayu/vendor/laravel/framework/src/Illuminate/Foundation/Http/Middleware/ValidatePostSize.php(27): Illuminate\\Pipeline\\Pipeline->Illuminate\\Pipeline\\{closure}(Object(Illuminate\\Http\\Request))
#35 /Users/macbookpro/Documents/PROJECTS/freelance/SkripsiProject-bayu/vendor/laravel/framework/src/Illuminate/Pipeline/Pipeline.php(167): Illuminate\\Foundation\\Http\\Middleware\\ValidatePostSize->handle(Object(Illuminate\\Http\\Request), Object(Closure))
#36 /Users/macbookpro/Documents/PROJECTS/freelance/SkripsiProject-bayu/vendor/laravel/framework/src/Illuminate/Foundation/Http/Middleware/PreventRequestsDuringMaintenance.php(87): Illuminate\\Pipeline\\Pipeline->Illuminate\\Pipeline\\{closure}(Object(Illuminate\\Http\\Request))
#37 /Users/macbookpro/Documents/PROJECTS/freelance/SkripsiProject-bayu/vendor/laravel/framework/src/Illuminate/Pipeline/Pipeline.php(167): Illuminate\\Foundation\\Http\\Middleware\\PreventRequestsDuringMaintenance->handle(Object(Illuminate\\Http\\Request), Object(Closure))
#38 /Users/macbookpro/Documents/PROJECTS/freelance/SkripsiProject-bayu/vendor/fruitcake/laravel-cors/src/HandleCors.php(37): Illuminate\\Pipeline\\Pipeline->Illuminate\\Pipeline\\{closure}(Object(Illuminate\\Http\\Request))
#39 /Users/macbookpro/Documents/PROJECTS/freelance/SkripsiProject-bayu/vendor/laravel/framework/src/Illuminate/Pipeline/Pipeline.php(167): Fruitcake\\Cors\\HandleCors->handle(Object(Illuminate\\Http\\Request), Object(Closure))
#40 /Users/macbookpro/Documents/PROJECTS/freelance/SkripsiProject-bayu/vendor/fideloper/proxy/src/TrustProxies.php(57): Illuminate\\Pipeline\\Pipeline->Illuminate\\Pipeline\\{closure}(Object(Illuminate\\Http\\Request))
#41 /Users/macbookpro/Documents/PROJECTS/freelance/SkripsiProject-bayu/vendor/laravel/framework/src/Illuminate/Pipeline/Pipeline.php(167): Fideloper\\Proxy\\TrustProxies->handle(Object(Illuminate\\Http\\Request), Object(Closure))
#42 /Users/macbookpro/Documents/PROJECTS/freelance/SkripsiProject-bayu/vendor/laravel/framework/src/Illuminate/Pipeline/Pipeline.php(103): Illuminate\\Pipeline\\Pipeline->Illuminate\\Pipeline\\{closure}(Object(Illuminate\\Http\\Request))
#43 /Users/macbookpro/Documents/PROJECTS/freelance/SkripsiProject-bayu/vendor/laravel/framework/src/Illuminate/Foundation/Http/Kernel.php(141): Illuminate\\Pipeline\\Pipeline->then(Object(Closure))
#44 /Users/macbookpro/Documents/PROJECTS/freelance/SkripsiProject-bayu/vendor/laravel/framework/src/Illuminate/Foundation/Http/Kernel.php(110): Illuminate\\Foundation\\Http\\Kernel->sendRequestThroughRouter(Object(Illuminate\\Http\\Request))
#45 /Users/macbookpro/Documents/PROJECTS/freelance/SkripsiProject-bayu/public/index.php(52): Illuminate\\Foundation\\Http\\Kernel->handle(Object(Illuminate\\Http\\Request))
#46 /Users/macbookpro/Documents/PROJECTS/freelance/SkripsiProject-bayu/server.php(21): require_once('/Users/macbookp...')
#47 {main}
"} 
[2021-07-25 01:49:50] local.ERROR: file_put_contents(C:\Users\ASUS\Desktop\E-CWO project\SkripsiProject\storage\framework/sessions/HBdfuXUNhEC1v1Mt3ePplOogpFjcWRXeGRaJmpDK): failed to open stream: No such file or directory {"exception":"[object] (ErrorException(code: 0): file_put_contents(C:\\Users\\ASUS\\Desktop\\E-CWO project\\SkripsiProject\\storage\\framework/sessions/HBdfuXUNhEC1v1Mt3ePplOogpFjcWRXeGRaJmpDK): failed to open stream: No such file or directory at /Users/macbookpro/Documents/PROJECTS/freelance/SkripsiProject-bayu/vendor/laravel/framework/src/Illuminate/Filesystem/Filesystem.php:185)
[stacktrace]
#0 [internal function]: Illuminate\\Foundation\\Bootstrap\\HandleExceptions->handleError(2, 'file_put_conten...', '/Users/macbookp...', 185, Array)
#1 /Users/macbookpro/Documents/PROJECTS/freelance/SkripsiProject-bayu/vendor/laravel/framework/src/Illuminate/Filesystem/Filesystem.php(185): file_put_contents('C:\\\\Users\\\\ASUS\\\\D...', 'a:3:{s:6:\"_toke...', 2)
#2 /Users/macbookpro/Documents/PROJECTS/freelance/SkripsiProject-bayu/vendor/laravel/framework/src/Illuminate/Session/FileSessionHandler.php(83): Illuminate\\Filesystem\\Filesystem->put('C:\\\\Users\\\\ASUS\\\\D...', 'a:3:{s:6:\"_toke...', true)
#3 /Users/macbookpro/Documents/PROJECTS/freelance/SkripsiProject-bayu/vendor/laravel/framework/src/Illuminate/Session/Store.php(129): Illuminate\\Session\\FileSessionHandler->write('HBdfuXUNhEC1v1M...', 'a:3:{s:6:\"_toke...')
#4 /Users/macbookpro/Documents/PROJECTS/freelance/SkripsiProject-bayu/vendor/laravel/framework/src/Illuminate/Session/Middleware/StartSession.php(236): Illuminate\\Session\\Store->save()
#5 /Users/macbookpro/Documents/PROJECTS/freelance/SkripsiProject-bayu/vendor/laravel/framework/src/Illuminate/Session/Middleware/StartSession.php(130): Illuminate\\Session\\Middleware\\StartSession->saveSession(Object(Illuminate\\Http\\Request))
#6 /Users/macbookpro/Documents/PROJECTS/freelance/SkripsiProject-bayu/vendor/laravel/framework/src/Illuminate/Session/Middleware/StartSession.php(63): Illuminate\\Session\\Middleware\\StartSession->handleStatefulRequest(Object(Illuminate\\Http\\Request), Object(Illuminate\\Session\\Store), Object(Closure))
#7 /Users/macbookpro/Documents/PROJECTS/freelance/SkripsiProject-bayu/vendor/laravel/framework/src/Illuminate/Pipeline/Pipeline.php(167): Illuminate\\Session\\Middleware\\StartSession->handle(Object(Illuminate\\Http\\Request), Object(Closure))
#8 /Users/macbookpro/Documents/PROJECTS/freelance/SkripsiProject-bayu/vendor/laravel/framework/src/Illuminate/Cookie/Middleware/AddQueuedCookiesToResponse.php(37): Illuminate\\Pipeline\\Pipeline->Illuminate\\Pipeline\\{closure}(Object(Illuminate\\Http\\Request))
#9 /Users/macbookpro/Documents/PROJECTS/freelance/SkripsiProject-bayu/vendor/laravel/framework/src/Illuminate/Pipeline/Pipeline.php(167): Illuminate\\Cookie\\Middleware\\AddQueuedCookiesToResponse->handle(Object(Illuminate\\Http\\Request), Object(Closure))
#10 /Users/macbookpro/Documents/PROJECTS/freelance/SkripsiProject-bayu/vendor/laravel/framework/src/Illuminate/Cookie/Middleware/EncryptCookies.php(67): Illuminate\\Pipeline\\Pipeline->Illuminate\\Pipeline\\{closure}(Object(Illuminate\\Http\\Request))
#11 /Users/macbookpro/Documents/PROJECTS/freelance/SkripsiProject-bayu/vendor/laravel/framework/src/Illuminate/Pipeline/Pipeline.php(167): Illuminate\\Cookie\\Middleware\\EncryptCookies->handle(Object(Illuminate\\Http\\Request), Object(Closure))
#12 /Users/macbookpro/Documents/PROJECTS/freelance/SkripsiProject-bayu/vendor/laravel/framework/src/Illuminate/Pipeline/Pipeline.php(103): Illuminate\\Pipeline\\Pipeline->Illuminate\\Pipeline\\{closure}(Object(Illuminate\\Http\\Request))
#13 /Users/macbookpro/Documents/PROJECTS/freelance/SkripsiProject-bayu/vendor/laravel/framework/src/Illuminate/Routing/Router.php(693): Illuminate\\Pipeline\\Pipeline->then(Object(Closure))
#14 /Users/macbookpro/Documents/PROJECTS/freelance/SkripsiProject-bayu/vendor/laravel/framework/src/Illuminate/Routing/Router.php(668): Illuminate\\Routing\\Router->runRouteWithinStack(Object(Illuminate\\Routing\\Route), Object(Illuminate\\Http\\Request))
#15 /Users/macbookpro/Documents/PROJECTS/freelance/SkripsiProject-bayu/vendor/laravel/framework/src/Illuminate/Routing/Router.php(634): Illuminate\\Routing\\Router->runRoute(Object(Illuminate\\Http\\Request), Object(Illuminate\\Routing\\Route))
#16 /Users/macbookpro/Documents/PROJECTS/freelance/SkripsiProject-bayu/vendor/laravel/framework/src/Illuminate/Routing/Router.php(623): Illuminate\\Routing\\Router->dispatchToRoute(Object(Illuminate\\Http\\Request))
#17 /Users/macbookpro/Documents/PROJECTS/freelance/SkripsiProject-bayu/vendor/laravel/framework/src/Illuminate/Foundation/Http/Kernel.php(166): Illuminate\\Routing\\Router->dispatch(Object(Illuminate\\Http\\Request))
#18 /Users/macbookpro/Documents/PROJECTS/freelance/SkripsiProject-bayu/vendor/laravel/framework/src/Illuminate/Pipeline/Pipeline.php(128): Illuminate\\Foundation\\Http\\Kernel->Illuminate\\Foundation\\Http\\{closure}(Object(Illuminate\\Http\\Request))
#19 /Users/macbookpro/Documents/PROJECTS/freelance/SkripsiProject-bayu/vendor/laravel/framework/src/Illuminate/Foundation/Http/Middleware/TransformsRequest.php(21): Illuminate\\Pipeline\\Pipeline->Illuminate\\Pipeline\\{closure}(Object(Illuminate\\Http\\Request))
#20 /Users/macbookpro/Documents/PROJECTS/freelance/SkripsiProject-bayu/vendor/laravel/framework/src/Illuminate/Pipeline/Pipeline.php(167): Illuminate\\Foundation\\Http\\Middleware\\TransformsRequest->handle(Object(Illuminate\\Http\\Request), Object(Closure))
#21 /Users/macbookpro/Documents/PROJECTS/freelance/SkripsiProject-bayu/vendor/laravel/framework/src/Illuminate/Foundation/Http/Middleware/TransformsRequest.php(21): Illuminate\\Pipeline\\Pipeline->Illuminate\\Pipeline\\{closure}(Object(Illuminate\\Http\\Request))
#22 /Users/macbookpro/Documents/PROJECTS/freelance/SkripsiProject-bayu/vendor/laravel/framework/src/Illuminate/Pipeline/Pipeline.php(167): Illuminate\\Foundation\\Http\\Middleware\\TransformsRequest->handle(Object(Illuminate\\Http\\Request), Object(Closure))
#23 /Users/macbookpro/Documents/PROJECTS/freelance/SkripsiProject-bayu/vendor/laravel/framework/src/Illuminate/Foundation/Http/Middleware/ValidatePostSize.php(27): Illuminate\\Pipeline\\Pipeline->Illuminate\\Pipeline\\{closure}(Object(Illuminate\\Http\\Request))
#24 /Users/macbookpro/Documents/PROJECTS/freelance/SkripsiProject-bayu/vendor/laravel/framework/src/Illuminate/Pipeline/Pipeline.php(167): Illuminate\\Foundation\\Http\\Middleware\\ValidatePostSize->handle(Object(Illuminate\\Http\\Request), Object(Closure))
#25 /Users/macbookpro/Documents/PROJECTS/freelance/SkripsiProject-bayu/vendor/laravel/framework/src/Illuminate/Foundation/Http/Middleware/PreventRequestsDuringMaintenance.php(87): Illuminate\\Pipeline\\Pipeline->Illuminate\\Pipeline\\{closure}(Object(Illuminate\\Http\\Request))
#26 /Users/macbookpro/Documents/PROJECTS/freelance/SkripsiProject-bayu/vendor/laravel/framework/src/Illuminate/Pipeline/Pipeline.php(167): Illuminate\\Foundation\\Http\\Middleware\\PreventRequestsDuringMaintenance->handle(Object(Illuminate\\Http\\Request), Object(Closure))
#27 /Users/macbookpro/Documents/PROJECTS/freelance/SkripsiProject-bayu/vendor/fruitcake/laravel-cors/src/HandleCors.php(37): Illuminate\\Pipeline\\Pipeline->Illuminate\\Pipeline\\{closure}(Object(Illuminate\\Http\\Request))
#28 /Users/macbookpro/Documents/PROJECTS/freelance/SkripsiProject-bayu/vendor/laravel/framework/src/Illuminate/Pipeline/Pipeline.php(167): Fruitcake\\Cors\\HandleCors->handle(Object(Illuminate\\Http\\Request), Object(Closure))
#29 /Users/macbookpro/Documents/PROJECTS/freelance/SkripsiProject-bayu/vendor/fideloper/proxy/src/TrustProxies.php(57): Illuminate\\Pipeline\\Pipeline->Illuminate\\Pipeline\\{closure}(Object(Illuminate\\Http\\Request))
#30 /Users/macbookpro/Documents/PROJECTS/freelance/SkripsiProject-bayu/vendor/laravel/framework/src/Illuminate/Pipeline/Pipeline.php(167): Fideloper\\Proxy\\TrustProxies->handle(Object(Illuminate\\Http\\Request), Object(Closure))
#31 /Users/macbookpro/Documents/PROJECTS/freelance/SkripsiProject-bayu/vendor/laravel/framework/src/Illuminate/Pipeline/Pipeline.php(103): Illuminate\\Pipeline\\Pipeline->Illuminate\\Pipeline\\{closure}(Object(Illuminate\\Http\\Request))
#32 /Users/macbookpro/Documents/PROJECTS/freelance/SkripsiProject-bayu/vendor/laravel/framework/src/Illuminate/Foundation/Http/Kernel.php(141): Illuminate\\Pipeline\\Pipeline->then(Object(Closure))
#33 /Users/macbookpro/Documents/PROJECTS/freelance/SkripsiProject-bayu/vendor/laravel/framework/src/Illuminate/Foundation/Http/Kernel.php(110): Illuminate\\Foundation\\Http\\Kernel->sendRequestThroughRouter(Object(Illuminate\\Http\\Request))
#34 /Users/macbookpro/Documents/PROJECTS/freelance/SkripsiProject-bayu/public/index.php(52): Illuminate\\Foundation\\Http\\Kernel->handle(Object(Illuminate\\Http\\Request))
#35 /Users/macbookpro/Documents/PROJECTS/freelance/SkripsiProject-bayu/server.php(21): require_once('/Users/macbookp...')
#36 {main}
"} 
